#
# There is insufficient memory for the Java Runtime Environment to continue.
# Native memory allocation (malloc) failed to allocate 302256 bytes for Chunk::new
# Possible reasons:
#   The system is out of physical RAM or swap space
#   In 32 bit mode, the process size limit was hit
# Possible solutions:
#   Reduce memory load on the system
#   Increase physical memory or swap space
#   Check if swap backing store is full
#   Use 64 bit Java on a 64 bit OS
#   Decrease Java heap size (-Xmx/-Xms)
#   Decrease number of Java threads
#   Decrease Java thread stack sizes (-Xss)
#   Set larger code cache with -XX:ReservedCodeCacheSize=
# This output file may be truncated or incomplete.
#
#  Out of Memory Error (allocation.cpp:390), pid=7012, tid=0x0000000000000c98
#
# JRE version: Java(TM) SE Runtime Environment (8.0_121-b13) (build 1.8.0_121-b13)
# Java VM: Java HotSpot(TM) 64-Bit Server VM (25.121-b13 mixed mode windows-amd64 compressed oops)
# Failed to write core dump. Minidumps are not enabled by default on client versions of Windows
#

---------------  T H R E A D  ---------------

Current thread (0x0000000014b3a000):  JavaThread "C2 CompilerThread0" daemon [_thread_in_native, id=3224, stack(0x0000000016190000,0x0000000016290000)]

Stack: [0x0000000016190000,0x0000000016290000]
[error occurred during error reporting (printing stack bounds), id 0xc0000005]

Native frames: (J=compiled Java code, j=interpreted, Vv=VM code, C=native code)


Current CompileTask:
C2:   9933  805   !   4       sun.misc.URLClassPath$JarLoader::getResource (85 bytes)


---------------  P R O C E S S  ---------------

Java Threads: ( => current thread )
  0x0000000016c2e800 JavaThread "Thread-3" daemon [_thread_in_native, id=1908, stack(0x00000000176f0000,0x00000000177f0000)]
  0x000000001688c000 JavaThread "JavaFX-Launcher" [_thread_blocked, id=8060, stack(0x00000000177f0000,0x00000000178f0000)]
  0x000000001687e000 JavaThread "JavaFX Application Thread" [_thread_in_native, id=776, stack(0x00000000175f0000,0x00000000176f0000)]
  0x0000000016874000 JavaThread "Thread-1" daemon [_thread_blocked, id=192, stack(0x00000000174f0000,0x00000000175f0000)]
  0x0000000016849000 JavaThread "QuantumRenderer-0" daemon [_thread_blocked, id=8768, stack(0x0000000017290000,0x0000000017390000)]
  0x00000000164b8800 JavaThread "Service Thread" daemon [_thread_blocked, id=6076, stack(0x0000000016890000,0x0000000016990000)]
  0x0000000014b31800 JavaThread "C1 CompilerThread2" daemon [_thread_blocked, id=5148, stack(0x0000000016390000,0x0000000016490000)]
  0x0000000014b2c800 JavaThread "C2 CompilerThread1" daemon [_thread_blocked, id=2596, stack(0x0000000016290000,0x0000000016390000)]
=>0x0000000014b3a000 JavaThread "C2 CompilerThread0" daemon [_thread_in_native, id=3224, stack(0x0000000016190000,0x0000000016290000)]
  0x0000000014b38800 JavaThread "Attach Listener" daemon [_thread_blocked, id=3528, stack(0x0000000016090000,0x0000000016190000)]
  0x0000000014b37800 JavaThread "Signal Dispatcher" daemon [_thread_blocked, id=7844, stack(0x0000000015f90000,0x0000000016090000)]
  0x000000000250b800 JavaThread "Finalizer" daemon [_thread_blocked, id=2000, stack(0x0000000015db0000,0x0000000015eb0000)]
  0x0000000014af9000 JavaThread "Reference Handler" daemon [_thread_blocked, id=7804, stack(0x0000000015cb0000,0x0000000015db0000)]
  0x0000000002410800 JavaThread "main" [_thread_blocked, id=2664, stack(0x0000000002310000,0x0000000002410000)]

Other Threads:
  0x0000000014af7800 VMThread [stack: 0x0000000015bb0000,0x0000000015cb0000] [id=1332]
  0x00000000164f0000 WatcherThread [stack: 0x0000000016990000,0x0000000016a90000] [id=7872]

VM state:not at safepoint (normal execution)

VM Mutex/Monitor currently owned by a thread: None

Heap:
 PSYoungGen      total 18944K, used 9006K [0x00000000eb100000, 0x00000000ec600000, 0x0000000100000000)
  eden space 16384K, 40% used [0x00000000eb100000,0x00000000eb777808,0x00000000ec100000)
  from space 2560K, 93% used [0x00000000ec100000,0x00000000ec354010,0x00000000ec380000)
  to   space 2560K, 0% used [0x00000000ec380000,0x00000000ec380000,0x00000000ec600000)
 ParOldGen       total 44032K, used 80K [0x00000000c1200000, 0x00000000c3d00000, 0x00000000eb100000)
  object space 44032K, 0% used [0x00000000c1200000,0x00000000c1214010,0x00000000c3d00000)
 Metaspace       used 11761K, capacity 12140K, committed 12288K, reserved 1060864K
  class space    used 1607K, capacity 1724K, committed 1792K, reserved 1048576K

Card table byte_map: [0x00000000118d0000,0x0000000011ad0000] byte_map_base: 0x00000000112c7000

Marking Bits: (ParMarkBitMap*) 0x00000000662db6d0
 Begin Bits: [0x0000000012020000, 0x0000000012fd8000)
 End Bits:   [0x0000000012fd8000, 0x0000000013f90000)

Polling page: 0x0000000000920000

CodeCache: size=245760Kb used=3334Kb max_used=3334Kb free=242425Kb
 bounds [0x0000000002510000, 0x0000000002860000, 0x0000000011510000]
 total_blobs=1397 nmethods=894 adapters=416
 compilation: enabled

Compilation events (10 events):
Event: 6.928 Thread 0x0000000014b31800 nmethod 818 0x0000000002808a50 code [0x0000000002808be0, 0x0000000002809088]
Event: 6.929 Thread 0x0000000014b2c800 nmethod 813 0x0000000002807350 code [0x0000000002807480, 0x00000000028074f8]
Event: 6.937 Thread 0x0000000014b31800  819       3       java.util.Arrays::asList (9 bytes)
Event: 6.938 Thread 0x0000000014b31800 nmethod 819 0x0000000002806290 code [0x0000000002806420, 0x0000000002806888]
Event: 6.938 Thread 0x0000000014b31800  820       3       java.util.Arrays$ArrayList::<init> (16 bytes)
Event: 6.938 Thread 0x0000000014b31800 nmethod 820 0x0000000002808310 code [0x00000000028084a0, 0x0000000002808888]
Event: 6.940 Thread 0x0000000014b2c800  821       4       java.util.jar.JarFile$JarEntryIterator::nextElement (5 bytes)
Event: 6.960 Thread 0x0000000014b2c800 nmethod 821 0x000000000280cf90 code [0x000000000280d1e0, 0x000000000280e0d8]
Event: 6.960 Thread 0x0000000014b2c800  822       4       java.util.zip.ZipFile$ZipEntryIterator::nextElement (5 bytes)
Event: 6.975 Thread 0x0000000014b2c800 nmethod 822 0x000000000280fdd0 code [0x0000000002810000, 0x0000000002810d98]

GC Heap History (2 events):
Event: 6.384 GC heap before
{Heap before GC invocations=1 (full 0):
 PSYoungGen      total 18944K, used 16384K [0x00000000eb100000, 0x00000000ec600000, 0x0000000100000000)
  eden space 16384K, 100% used [0x00000000eb100000,0x00000000ec100000,0x00000000ec100000)
  from space 2560K, 0% used [0x00000000ec380000,0x00000000ec380000,0x00000000ec600000)
  to   space 2560K, 0% used [0x00000000ec100000,0x00000000ec100000,0x00000000ec380000)
 ParOldGen       total 44032K, used 0K [0x00000000c1200000, 0x00000000c3d00000, 0x00000000eb100000)
  object space 44032K, 0% used [0x00000000c1200000,0x00000000c1200000,0x00000000c3d00000)
 Metaspace       used 9502K, capacity 9836K, committed 10112K, reserved 1058816K
  class space    used 1197K, capacity 1310K, committed 1408K, reserved 1048576K
Event: 6.390 GC heap after
Heap after GC invocations=1 (full 0):
 PSYoungGen      total 18944K, used 2384K [0x00000000eb100000, 0x00000000ec600000, 0x0000000100000000)
  eden space 16384K, 0% used [0x00000000eb100000,0x00000000eb100000,0x00000000ec100000)
  from space 2560K, 93% used [0x00000000ec100000,0x00000000ec354010,0x00000000ec380000)
  to   space 2560K, 0% used [0x00000000ec380000,0x00000000ec380000,0x00000000ec600000)
 ParOldGen       total 44032K, used 80K [0x00000000c1200000, 0x00000000c3d00000, 0x00000000eb100000)
  object space 44032K, 0% used [0x00000000c1200000,0x00000000c1214010,0x00000000c3d00000)
 Metaspace       used 9502K, capacity 9836K, committed 10112K, reserved 1058816K
  class space    used 1197K, capacity 1310K, committed 1408K, reserved 1048576K
}

Deoptimization events (6 events):
Event: 3.158 Thread 0x000000001687e000 Uncommon trap: reason=unstable_if action=reinterpret pc=0x00000000026b5690 method=java.lang.String.replace(CC)Ljava/lang/String; @ 26
Event: 3.172 Thread 0x000000001687e000 Uncommon trap: reason=unstable_if action=reinterpret pc=0x00000000026e5018 method=java.lang.String.indexOf([CII[CIII)I @ 134
Event: 3.285 Thread 0x000000001687e000 Uncommon trap: reason=unstable_if action=reinterpret pc=0x00000000026cbccc method=java.lang.String.startsWith(Ljava/lang/String;I)Z @ 25
Event: 3.336 Thread 0x000000001687e000 Uncommon trap: reason=unstable_if action=reinterpret pc=0x000000000277a82c method=java.io.BufferedInputStream.read()I @ 8
Event: 3.354 Thread 0x000000001687e000 Uncommon trap: reason=unstable_if action=reinterpret pc=0x000000000274f618 method=java.util.HashMap.getNode(ILjava/lang/Object;)Ljava/util/HashMap$Node; @ 84
Event: 3.354 Thread 0x000000001687e000 Uncommon trap: reason=unstable_if action=reinterpret pc=0x00000000027514d0 method=java.util.HashMap.getNode(ILjava/lang/Object;)Ljava/util/HashMap$Node; @ 84

Internal exceptions (10 events):
Event: 0.362 Thread 0x0000000002410800 Exception <a 'java/security/PrivilegedActionException'> (0x00000000eb37a808) thrown at [C:\re\workspace\8-2-build-windows-amd64-cygwin\jdk8u121\8372\hotspot\src\share\vm\prims\jvm.cpp, line 1390]
Event: 0.362 Thread 0x0000000002410800 Exception <a 'java/security/PrivilegedActionException'> (0x00000000eb37aa18) thrown at [C:\re\workspace\8-2-build-windows-amd64-cygwin\jdk8u121\8372\hotspot\src\share\vm\prims\jvm.cpp, line 1390]
Event: 0.363 Thread 0x0000000002410800 Exception <a 'java/security/PrivilegedActionException'> (0x00000000eb37e928) thrown at [C:\re\workspace\8-2-build-windows-amd64-cygwin\jdk8u121\8372\hotspot\src\share\vm\prims\jvm.cpp, line 1390]
Event: 0.363 Thread 0x0000000002410800 Exception <a 'java/security/PrivilegedActionException'> (0x00000000eb37eb38) thrown at [C:\re\workspace\8-2-build-windows-amd64-cygwin\jdk8u121\8372\hotspot\src\share\vm\prims\jvm.cpp, line 1390]
Event: 0.363 Thread 0x0000000002410800 Exception <a 'java/lang/NullPointerException'> (0x00000000eb37f110) thrown at [C:\re\workspace\8-2-build-windows-amd64-cygwin\jdk8u121\8372\hotspot\src\share\vm\interpreter\linkResolver.cpp, line 1178]
Event: 3.247 Thread 0x000000001687e000 Exception <a 'java/lang/NullPointerException'> (0x00000000ebb46ad8) thrown at [C:\re\workspace\8-2-build-windows-amd64-cygwin\jdk8u121\8372\hotspot\src\share\vm\interpreter\linkResolver.cpp, line 1178]
Event: 3.247 Thread 0x000000001687e000 Exception <a 'java/lang/NullPointerException'> (0x00000000ebb46ad8) thrown at [C:\re\workspace\8-2-build-windows-amd64-cygwin\jdk8u121\8372\hotspot\src\share\vm\prims\jvm.cpp, line 1394]
Event: 6.761 Thread 0x000000001687e000 Exception <a 'java/lang/ArrayIndexOutOfBoundsException'> (0x00000000eb18c3a0) thrown at [C:\re\workspace\8-2-build-windows-amd64-cygwin\jdk8u121\8372\hotspot\src\share\vm\runtime\sharedRuntime.cpp, line 605]
Event: 6.762 Thread 0x000000001687e000 Exception <a 'java/lang/ArrayIndexOutOfBoundsException'> (0x00000000eb18d0a0) thrown at [C:\re\workspace\8-2-build-windows-amd64-cygwin\jdk8u121\8372\hotspot\src\share\vm\runtime\sharedRuntime.cpp, line 605]
Event: 6.762 Thread 0x000000001687e000 Exception <a 'java/lang/ArrayIndexOutOfBoundsException'> (0x00000000eb18e448) thrown at [C:\re\workspace\8-2-build-windows-amd64-cygwin\jdk8u121\8372\hotspot\src\share\vm\runtime\sharedRuntime.cpp, line 605]

Events (10 events):
Event: 6.939 loading class java/util/ResourceBundle$BundleReference
Event: 6.939 loading class java/util/ResourceBundle$BundleReference done
Event: 6.940 loading class com/sun/javafx/tk/quantum/QuantumMessagesBundle_en
Event: 6.940 loading class com/sun/javafx/tk/quantum/QuantumMessagesBundle_en done
Event: 6.940 loading class com/sun/javafx/tk/quantum/QuantumMessagesBundle_en_IN
Event: 6.940 loading class com/sun/javafx/tk/quantum/QuantumMessagesBundle_en_IN done
Event: 6.942 loading class com/sun/javafx/tk/quantum/WindowStage$1
Event: 6.942 loading class com/sun/javafx/tk/quantum/WindowStage$1 done
Event: 6.942 loading class com/sun/javafx/tk/FocusCause
Event: 6.942 loading class com/sun/javafx/tk/FocusCause done


Dynamic libraries:
0x00007ff6c72d0000 - 0x00007ff6c7307000 	C:\Program Files\Java\jdk1.8.0_121\jre\bin\java.exe
0x00007ffae6670000 - 0x00007ffae681a000 	C:\Windows\SYSTEM32\ntdll.dll
0x00007ffae6180000 - 0x00007ffae62ba000 	C:\Windows\system32\KERNEL32.DLL
0x00007ffae3ab0000 - 0x00007ffae3bc0000 	C:\Windows\system32\KERNELBASE.dll
0x00007ffae2610000 - 0x00007ffae2698000 	C:\Windows\system32\apphelp.dll
0x00007ffae0e50000 - 0x00007ffae0e9f000 	C:\Windows\AppPatch\AppPatch64\AcGenral.DLL
0x00007ffae60d0000 - 0x00007ffae6177000 	C:\Windows\system32\msvcrt.dll
0x00007ffae3890000 - 0x00007ffae38bb000 	C:\Windows\SYSTEM32\SspiCli.dll
0x00007ffae4270000 - 0x00007ffae42c1000 	C:\Windows\system32\SHLWAPI.dll
0x00007ffae40f0000 - 0x00007ffae4261000 	C:\Windows\system32\USER32.dll
0x00007ffae3f70000 - 0x00007ffae40e8000 	C:\Windows\system32\ole32.dll
0x00007ffae4660000 - 0x00007ffae5a77000 	C:\Windows\system32\SHELL32.dll
0x00007ffae3070000 - 0x00007ffae308f000 	C:\Windows\SYSTEM32\USERENV.dll
0x00007ffae5da0000 - 0x00007ffae5e45000 	C:\Windows\system32\ADVAPI32.dll
0x00007ffada120000 - 0x00007ffada13b000 	C:\Windows\SYSTEM32\MPR.dll
0x00007ffae4520000 - 0x00007ffae4656000 	C:\Windows\system32\RPCRT4.dll
0x00007ffae44c0000 - 0x00007ffae4517000 	C:\Windows\SYSTEM32\sechost.dll
0x00007ffae6490000 - 0x00007ffae6666000 	C:\Windows\SYSTEM32\combase.dll
0x00007ffae4370000 - 0x00007ffae44b5000 	C:\Windows\system32\GDI32.dll
0x00007ffae39e0000 - 0x00007ffae39f4000 	C:\Windows\SYSTEM32\profapi.dll
0x00007ffae22e0000 - 0x00007ffae237f000 	C:\Windows\SYSTEM32\SHCORE.dll
0x00007ffae42d0000 - 0x00007ffae4304000 	C:\Windows\system32\IMM32.DLL
0x00007ffae5a80000 - 0x00007ffae5bb9000 	C:\Windows\system32\MSCTF.dll
0x00007ffae1c10000 - 0x00007ffae1e6a000 	C:\Windows\WinSxS\amd64_microsoft.windows.common-controls_6595b64144ccf1df_6.0.9600.17031_none_6242a4b3ecbb55a1\COMCTL32.dll
0x0000000066de0000 - 0x0000000066eb2000 	C:\Program Files\Java\jdk1.8.0_121\jre\bin\msvcr100.dll
0x0000000065ac0000 - 0x000000006635b000 	C:\Program Files\Java\jdk1.8.0_121\jre\bin\server\jvm.dll
0x00007ffae23f0000 - 0x00007ffae23f9000 	C:\Windows\SYSTEM32\WSOCK32.dll
0x00007ffadbcd0000 - 0x00007ffadbcef000 	C:\Windows\SYSTEM32\WINMM.dll
0x00007ffadc1b0000 - 0x00007ffadc1ba000 	C:\Windows\SYSTEM32\VERSION.dll
0x00007ffae5cd0000 - 0x00007ffae5cd7000 	C:\Windows\system32\PSAPI.DLL
0x00007ffae3f10000 - 0x00007ffae3f68000 	C:\Windows\system32\WS2_32.dll
0x00007ffadbb20000 - 0x00007ffadbb4a000 	C:\Windows\SYSTEM32\WINMMBASE.dll
0x00007ffae62c0000 - 0x00007ffae62c9000 	C:\Windows\system32\NSI.dll
0x00007ffae3ea0000 - 0x00007ffae3eea000 	C:\Windows\SYSTEM32\cfgmgr32.dll
0x00007ffae2870000 - 0x00007ffae2896000 	C:\Windows\SYSTEM32\DEVOBJ.dll
0x00000000673b0000 - 0x00000000673bf000 	C:\Program Files\Java\jdk1.8.0_121\jre\bin\verify.dll
0x0000000066d70000 - 0x0000000066d99000 	C:\Program Files\Java\jdk1.8.0_121\jre\bin\java.dll
0x0000000067390000 - 0x00000000673a6000 	C:\Program Files\Java\jdk1.8.0_121\jre\bin\zip.dll
0x00007ffad7240000 - 0x00007ffad732f000 	C:\Program Files\Java\jdk1.8.0_121\jre\bin\msvcr120.dll
0x00007ffad8880000 - 0x00007ffad8926000 	C:\Program Files\Java\jdk1.8.0_121\jre\bin\msvcp120.dll
0x0000000065790000 - 0x00000000657b2000 	C:\Program Files\Java\jdk1.8.0_121\jre\bin\prism_d3d.dll
0x00007ffacd920000 - 0x00007ffacdb2a000 	C:\Windows\system32\d3d9.dll
0x00007ffae2110000 - 0x00007ffae2130000 	C:\Windows\SYSTEM32\dwmapi.dll
0x00007ffae2180000 - 0x00007ffae22a1000 	C:\Windows\system32\uxtheme.dll
0x0000000065770000 - 0x000000006578c000 	C:\Program Files\Java\jdk1.8.0_121\jre\bin\prism_sw.dll
0x0000000065720000 - 0x0000000065763000 	C:\Program Files\Java\jdk1.8.0_121\jre\bin\glass.dll
0x00007ffae6030000 - 0x00007ffae60ca000 	C:\Windows\system32\COMDLG32.dll
0x00007ffae5ce0000 - 0x00007ffae5d97000 	C:\Windows\system32\OLEAUT32.dll
0x00007ffae26a0000 - 0x00007ffae26aa000 	C:\Windows\SYSTEM32\kernel.appcore.dll
0x00007ffae3920000 - 0x00007ffae392a000 	C:\Windows\SYSTEM32\CRYPTBASE.dll
0x00007ffae38c0000 - 0x00007ffae3920000 	C:\Windows\SYSTEM32\bcryptPrimitives.dll
0x0000000065450000 - 0x0000000065464000 	C:\Program Files\Java\jdk1.8.0_121\jre\bin\javafx_font.dll
0x00007ffadf050000 - 0x00007ffadf22f000 	C:\Windows\SYSTEM32\dwrite.dll
0x00007ffae5c20000 - 0x00007ffae5cc4000 	C:\Windows\SYSTEM32\clbcatq.dll
0x00007ffadeeb0000 - 0x00007ffadf043000 	C:\Windows\SYSTEM32\WindowsCodecs.dll
0x00007ffae3370000 - 0x00007ffae338e000 	C:\Windows\SYSTEM32\CRYPTSP.dll
0x00007ffae2f40000 - 0x00007ffae2f75000 	C:\Windows\system32\rsaenh.dll
0x00007ffae35f0000 - 0x00007ffae3616000 	C:\Windows\SYSTEM32\bcrypt.dll
0x00007ffadbd10000 - 0x00007ffadbd39000 	C:\Program Files\Common Files\Microsoft Shared\Ink\rtscom.dll

VM Arguments:
jvm_args: -Dfile.encoding=UTF-8 
java_command: C:\Users\LENOVO\Documents\NetBeansProjects\JavaFXApplication2\dist\run863654447\JavaFXApplication2.jar
java_class_path (initial): C:\Users\LENOVO\Documents\NetBeansProjects\JavaFXApplication2\dist\run863654447\JavaFXApplication2.jar
Launcher Type: SUN_STANDARD

Environment Variables:
JAVA_HOME=C:\Program Files\Java\jdk1.8.0_121
PATH=C:\Program Files (x86)\Python36-32\Scripts\;C:\Program Files (x86)\Python36-32\;C:\ProgramData\Oracle\Java\javapath;C:\Windows\system32;C:\Windows;C:\Windows\System32\Wbem;C:\Windows\System32\WindowsPowerShell\v1.0\;C:\Program Files (x86)\Common Files\lenovo\easyplussdk\bin;C:\Program Files (x86)\Skype\Phone\;C:\Windows\system32\config\systemprofile\.dnx\bin;C:\Program Files\Microsoft DNX\Dnvm\;C:\Program Files\Microsoft SQL Server\130\Tools\Binn\;C:\Program Files\PuTTY\;C:\Program Files\nodejs\;C:\Program Files\Microsoft VS Code\bin;C:\Program Files\Java\jdk1.8.0_121\bin;C:\Program Files\Microsoft VS Code\bin;C:\Users\LENOVO\AppData\Roaming\npm
USERNAME=LENOVO
OS=Windows_NT
PROCESSOR_IDENTIFIER=Intel64 Family 6 Model 61 Stepping 4, GenuineIntel



---------------  S Y S T E M  ---------------

OS: Windows 8.1 , 64 bit Build 9600 (6.3.9600.17031)

CPU:total 4 (2 cores per cpu, 2 threads per core) family 6 model 61 stepping 4, cmov, cx8, fxsr, mmx, sse, sse2, sse3, ssse3, sse4.1, sse4.2, popcnt, avx, avx2, aes, clmul, erms, 3dnowpref, lzcnt, ht, tsc, tscinvbit, bmi1, bmi2, adx

Memory: 4k page, physical 4112564k(839012k free), swap 7258292k(28604k free)

vm_info: Java HotSpot(TM) 64-Bit Server VM (25.121-b13) for windows-amd64 JRE (1.8.0_121-b13), built on Dec 12 2016 18:21:36 by "java_re" with MS VC++ 10.0 (VS2010)

time: Sun Sep 23 21:31:43 2018
elapsed time: 10 seconds (0d 0h 0m 10s)

